c:\users\chanawatn pound\documents\visual studio 2013\projects\formapp.v5\projectv5\formapp\formapp\debug\vc120.pdb
c:\users\chanawatn pound\documents\visual studio 2013\projects\formapp.v5\projectv5\formapp\formapp\debug\welcome.obj
c:\users\chanawatn pound\documents\visual studio 2013\projects\formapp.v5\projectv5\formapp\formapp\debug\register.obj
c:\users\chanawatn pound\documents\visual studio 2013\projects\formapp.v5\projectv5\formapp\formapp\debug\myform.obj
c:\users\chanawatn pound\documents\visual studio 2013\projects\formapp.v5\projectv5\formapp\formapp\debug\login.obj
c:\users\chanawatn pound\documents\visual studio 2013\projects\formapp.v5\projectv5\formapp\formapp\debug\formapp.login.resources
c:\users\chanawatn pound\documents\visual studio 2013\projects\formapp.v5\projectv5\formapp\formapp\debug\formapp.register.resources
c:\users\chanawatn pound\documents\visual studio 2013\projects\formapp.v5\projectv5\formapp\formapp\debug\formapp.welcome.resources
c:\users\chanawatn pound\documents\visual studio 2013\projects\formapp.v5\projectv5\formapp\formapp\debug\formapp.myform.resources
c:\users\chanawatn pound\documents\visual studio 2013\projects\formapp.v5\projectv5\formapp\debug\formapp.exe
c:\users\chanawatn pound\documents\visual studio 2013\projects\formapp.v5\projectv5\formapp\debug\formapp.pdb
c:\users\chanawatn pound\documents\visual studio 2013\projects\formapp.v5\projectv5\formapp\formapp\debug\formapp.vcxproj.generateresource.cache
c:\users\chanawatn pound\documents\visual studio 2013\projects\formapp.v5\projectv5\formapp\formapp\debug\formapp.vcxprojresolveassemblyreference.cache
c:\users\chanawatn pound\documents\visual studio 2013\projects\formapp.v5\projectv5\formapp\formapp\debug\formapp.tlog\cl.command.1.tlog
c:\users\chanawatn pound\documents\visual studio 2013\projects\formapp.v5\projectv5\formapp\formapp\debug\formapp.tlog\cl.read.1.tlog
c:\users\chanawatn pound\documents\visual studio 2013\projects\formapp.v5\projectv5\formapp\formapp\debug\formapp.tlog\cl.write.1.tlog
c:\users\chanawatn pound\documents\visual studio 2013\projects\formapp.v5\projectv5\formapp\formapp\debug\formapp.tlog\formapp.write.1u.tlog
c:\users\chanawatn pound\documents\visual studio 2013\projects\formapp.v5\projectv5\formapp\formapp\debug\formapp.tlog\link.command.1.tlog
c:\users\chanawatn pound\documents\visual studio 2013\projects\formapp.v5\projectv5\formapp\formapp\debug\formapp.tlog\link.read.1.tlog
c:\users\chanawatn pound\documents\visual studio 2013\projects\formapp.v5\projectv5\formapp\formapp\debug\formapp.tlog\link.write.1.tlog
